<?xml version="1.0" encoding="UTF-8"?>
<!-- Generated by org.testng.reporters.JUnitReportReporter -->
<testsuite hostname="DESKTOP-RMSCL2B" failures="0" tests="1" name="mavenparameters.mavenparaTest" time="0.013" errors="0" timestamp="2022-03-14T16:18:37 IST" skipped="0">
  <testcase classname="mavenparameters.mavenparaTest" name="ReadData" time="0.013"/>
  <system-out/>
</testsuite> <!-- mavenparameters.mavenparaTest -->
